Model Name:	hb_likelihood	
Number of individuals:	17	
Number of observations:	102	
Number of preliminary iterations:	10000	
Number of draws used per individual:	1000	
Random Seed:	0	
Total iterations:	11000	
Degrees of Freedom:	5	
Number of parameters:	7	


Random parameters estimated (Distribution): 
none ( N )
organic ( N )
nongmo ( N )
CRISPR ( N )
conventional ( N )
online ( N )
price ( CN+ )


Prior Variance-Covariance Matrix:
             none organic nongmo CRISPR conventional online price
none            1       0      0      0            0      0     0
organic         0       1      0      0            0      0     0
nongmo          0       0      1      0            0      0     0
CRISPR          0       0      0      1            0      0     0
conventional    0       0      0      0            1      0     0
online          0       0      0      0            0      1     0
price           0       0      0      0            0      0     1

-----------------------------------------------------------

 Iteration Log-Likelihood       RLH Parameter RMS Avg. Variance Acceptance Rate (Fixed) Acceptance Rate (Normal)
         1      -156.2353 0.2178540     0.1787336    0.03278906                      NA               0.52941176
       250      -149.3525 0.2417248     0.5595601    0.34958166                      NA               0.17647059
       500      -177.0676 0.1930058     0.5685201    0.29555887                      NA               0.58823529
       750      -162.5007 0.2120535     0.6346347    0.35849470                      NA               0.11764706
      1000      -164.8007 0.2123506     0.8383416    0.60295211                      NA               0.58823529
      1250      -151.6202 0.2338748     0.8599701    0.68935354                      NA               0.17647059
      1500      -160.9455 0.2177628     0.5454267    0.28544958                      NA               0.47058824
      1750      -156.3639 0.2239439     0.5076690    0.26531864                      NA               0.41176471
      2000      -187.4258 0.1748245     0.6190521    0.38313204                      NA               0.64705882
      2250      -157.5714 0.2215923     0.5366574    0.31097795                      NA               0.58823529
      2500      -187.9492 0.1685858     0.6169983    0.42308142                      NA               0.29411765
      2750      -166.8052 0.2025138     0.7847027    0.50518096                      NA               0.41176471
      3000      -170.9578 0.2109475     0.7143946    0.56401914                      NA               0.29411765
      3250      -159.0432 0.2270916     0.8886702    0.78386319                      NA               0.05882353
      3500      -196.9000 0.1607592     1.1060544    1.23038553                      NA               0.11764706
      3750      -183.4461 0.1838091     0.9785465    1.02762788                      NA               0.47058824
      4000      -180.3896 0.1798855     1.1223154    1.29554795                      NA               0.52941176
      4250      -169.2063 0.2048949     0.7270909    0.54301605                      NA               0.29411765
      4500      -177.0499 0.1862603     1.1246199    1.26621755                      NA               0.47058824
      4750      -157.7163 0.2192380     1.0336112    1.08843384                      NA               0.35294118
      5000      -163.3413 0.2168896     0.9656617    0.93501792                      NA               0.47058824
      5250      -150.3245 0.2327080     1.0545480    1.10690515                      NA               0.23529412
      5500      -163.9382 0.2076453     1.0507670    1.14873012                      NA               0.29411765
      5750      -171.2270 0.2032349     1.1305255    1.29681373                      NA               0.29411765
      6000      -149.0302 0.2373974     0.8969060    0.86725559                      NA               0.05882353
      6250      -149.6248 0.2377983     1.0440676    1.10889190                      NA               0.41176471
      6500      -151.0081 0.2368148     1.0067012    1.10202741                      NA               0.29411765
      6750      -154.1491 0.2298774     1.2688012    1.69168261                      NA               0.29411765
      7000      -171.8143 0.1955642     1.1628230    1.38622800                      NA               0.41176471
      7250      -167.0092 0.2070929     1.1649412    1.42914503                      NA               0.35294118
      7500      -164.7555 0.2081068     1.4297762    2.14113583                      NA               0.23529412
      7750      -185.6968 0.1762523     1.3903176    1.98118958                      NA               0.11764706
      8000      -149.9028 0.2418901     1.4138832    2.06380962                      NA               0.11764706
      8250      -172.3206 0.2007954     1.3844223    1.99801845                      NA               0.41176471
      8500      -164.8828 0.2086417     1.4225594    2.02476353                      NA               0.41176471
      8750      -177.3245 0.1858521     1.4036363    1.96912409                      NA               0.41176471
      9000      -182.2482 0.1825603     1.3235137    1.71008170                      NA               0.29411765
      9250      -192.0038 0.1651796     1.2855181    1.68690363                      NA               0.11764706
      9500      -206.7256 0.1529811     1.3870779    1.86592526                      NA               0.35294118
      9750      -180.2531 0.1855312     1.2392809    1.60251015                      NA               0.17647059
     10000      -182.2040 0.1821802     1.2319270    1.53718876                      NA               0.52941176
     10250      -190.8283 0.1695686     1.2546634    1.54868384                      NA               0.58823529
     10500      -186.8497 0.1741921     1.2685543    1.61086144                      NA               0.17647059
     10750      -170.5385 0.1996747     1.3267928    1.79763762                      NA               0.35294118
     11000      -154.7880 0.2244420     1.1005947    1.19737229                      NA               0.41176471
     11250      -159.3647 0.2214286     1.1898102    1.37908427                      NA               0.11764706
     11500      -179.3203 0.1870042     1.2543818    1.53317368                      NA               0.05882353
     11750      -202.6739 0.1641689     1.2662581    1.54495602                      NA               0.47058824
     12000      -186.3175 0.1780410     1.2736202    1.61253599                      NA               0.35294118
     12250      -183.0905 0.1867047     1.2745305    1.58044777                      NA               0.41176471
     12500      -200.8198 0.1528003     1.3004071    1.67823166                      NA               0.35294118
     12750      -172.1045 0.1992873     1.2423002    1.52237628                      NA               0.35294118
     13000      -189.7008 0.1739653     1.1837308    1.39485038                      NA               0.35294118
     13250      -186.8018 0.1693662     1.1605409    1.35559307                      NA               0.47058824
     13500      -191.6549 0.1728060     1.2178352    1.54373146                      NA               0.35294118
     13750      -180.5308 0.1786302     1.2791337    1.68963075                      NA               0.23529412
     14000      -180.7797 0.1836556     1.3175354    1.70766398                      NA               0.00000000
     14250      -183.7132 0.1817465     1.2902766    1.45777142                      NA               0.41176471
     14500      -183.8790 0.1819698     1.2560934    1.54215007                      NA               0.41176471
     14750      -166.8734 0.2000309     1.3058699    1.59884339                      NA               0.17647059
     15000      -171.8558 0.1925253     1.2175243    1.39231303                      NA               0.17647059
